{"/Users/serfnc/Sites/typescript-api-tasks/src/app.ts": {"path":"/Users/serfnc/Sites/typescript-api-tasks/src/app.ts","statementMap":{"0":{"start":{"line":12,"column":0},"end":{"line":12,"column":16}},"1":{"start":{"line":14,"column":12},"end":{"line":14,"column":21}},"2":{"start":{"line":16,"column":0},"end":{"line":16,"column":24}},"3":{"start":{"line":17,"column":0},"end":{"line":17,"column":49}},"4":{"start":{"line":19,"column":0},"end":{"line":19,"column":38}},"5":{"start":{"line":20,"column":0},"end":{"line":20,"column":38}},"6":{"start":{"line":21,"column":0},"end":{"line":21,"column":47}},"7":{"start":{"line":23,"column":0},"end":{"line":23,"column":21}},"8":{"start":{"line":24,"column":0},"end":{"line":24,"column":24}}},"fnMap":{},"branchMap":{},"s":{"0":2,"1":2,"2":2,"3":2,"4":2,"5":2,"6":2,"7":2,"8":2},"f":{},"b":{},"_coverageSchema":"1a1c01bbd47fc00a2c39e90264f33305004495a9","hash":"0f55c463d406b346673e2ce86b7c424e38ba5931"}
,"/Users/serfnc/Sites/typescript-api-tasks/src/common/db.ts": {"path":"/Users/serfnc/Sites/typescript-api-tasks/src/common/db.ts","statementMap":{"0":{"start":{"line":4,"column":21},"end":{"line":21,"column":2}},"1":{"start":{"line":4,"column":63},"end":{"line":21,"column":2}},"2":{"start":{"line":5,"column":23},"end":{"line":10,"column":6}},"3":{"start":{"line":12,"column":4},"end":{"line":12,"column":25}},"4":{"start":{"line":14,"column":4},"end":{"line":18,"column":7}},"5":{"start":{"line":15,"column":8},"end":{"line":15,"column":33}},"6":{"start":{"line":15,"column":19},"end":{"line":15,"column":33}},"7":{"start":{"line":17,"column":8},"end":{"line":17,"column":25}},"8":{"start":{"line":20,"column":4},"end":{"line":20,"column":21}},"9":{"start":{"line":23,"column":23},"end":{"line":25,"column":1}},"10":{"start":{"line":24,"column":4},"end":{"line":24,"column":46}},"11":{"start":{"line":27,"column":20},"end":{"line":35,"column":1}},"12":{"start":{"line":28,"column":20},"end":{"line":28,"column":86}},"13":{"start":{"line":30,"column":4},"end":{"line":32,"column":5}},"14":{"start":{"line":31,"column":8},"end":{"line":31,"column":19}},"15":{"start":{"line":34,"column":4},"end":{"line":34,"column":21}},"16":{"start":{"line":37,"column":22},"end":{"line":49,"column":1}},"17":{"start":{"line":38,"column":17},"end":{"line":38,"column":34}},"18":{"start":{"line":39,"column":19},"end":{"line":39,"column":38}},"19":{"start":{"line":41,"column":23},"end":{"line":41,"column":38}},"20":{"start":{"line":42,"column":25},"end":{"line":42,"column":57}},"21":{"start":{"line":42,"column":42},"end":{"line":42,"column":45}},"22":{"start":{"line":44,"column":20},"end":{"line":44,"column":108}},"23":{"start":{"line":46,"column":23},"end":{"line":46,"column":49}},"24":{"start":{"line":48,"column":4},"end":{"line":48,"column":30}},"25":{"start":{"line":51,"column":22},"end":{"line":71,"column":1}},"26":{"start":{"line":52,"column":23},"end":{"line":52,"column":48}},"27":{"start":{"line":54,"column":4},"end":{"line":56,"column":5}},"28":{"start":{"line":55,"column":8},"end":{"line":55,"column":19}},"29":{"start":{"line":58,"column":19},"end":{"line":58,"column":21}},"30":{"start":{"line":60,"column":23},"end":{"line":64,"column":6}},"31":{"start":{"line":61,"column":8},"end":{"line":61,"column":28}},"32":{"start":{"line":63,"column":8},"end":{"line":63,"column":29}},"33":{"start":{"line":66,"column":4},"end":{"line":66,"column":19}},"34":{"start":{"line":68,"column":4},"end":{"line":68,"column":87}},"35":{"start":{"line":70,"column":4},"end":{"line":70,"column":30}},"36":{"start":{"line":73,"column":22},"end":{"line":83,"column":1}},"37":{"start":{"line":74,"column":22},"end":{"line":74,"column":47}},"38":{"start":{"line":76,"column":4},"end":{"line":78,"column":5}},"39":{"start":{"line":77,"column":8},"end":{"line":77,"column":19}},"40":{"start":{"line":80,"column":4},"end":{"line":80,"column":60}},"41":{"start":{"line":82,"column":4},"end":{"line":82,"column":15}}},"fnMap":{"0":{"name":"(anonymous_0)","decl":{"start":{"line":4,"column":21},"end":{"line":4,"column":22}},"loc":{"start":{"line":4,"column":63},"end":{"line":21,"column":2}},"line":4},"1":{"name":"(anonymous_1)","decl":{"start":{"line":4,"column":80},"end":{"line":4,"column":81}},"loc":{"start":{"line":4,"column":101},"end":{"line":21,"column":1}},"line":4},"2":{"name":"(anonymous_2)","decl":{"start":{"line":14,"column":34},"end":{"line":14,"column":35}},"loc":{"start":{"line":14,"column":71},"end":{"line":18,"column":5}},"line":14},"3":{"name":"(anonymous_3)","decl":{"start":{"line":23,"column":23},"end":{"line":23,"column":24}},"loc":{"start":{"line":23,"column":66},"end":{"line":25,"column":1}},"line":23},"4":{"name":"(anonymous_4)","decl":{"start":{"line":27,"column":20},"end":{"line":27,"column":21}},"loc":{"start":{"line":27,"column":75},"end":{"line":35,"column":1}},"line":27},"5":{"name":"(anonymous_5)","decl":{"start":{"line":37,"column":22},"end":{"line":37,"column":23}},"loc":{"start":{"line":37,"column":76},"end":{"line":49,"column":1}},"line":37},"6":{"name":"(anonymous_6)","decl":{"start":{"line":42,"column":36},"end":{"line":42,"column":37}},"loc":{"start":{"line":42,"column":42},"end":{"line":42,"column":45}},"line":42},"7":{"name":"(anonymous_7)","decl":{"start":{"line":51,"column":22},"end":{"line":51,"column":23}},"loc":{"start":{"line":51,"column":88},"end":{"line":71,"column":1}},"line":51},"8":{"name":"(anonymous_8)","decl":{"start":{"line":60,"column":48},"end":{"line":60,"column":49}},"loc":{"start":{"line":60,"column":56},"end":{"line":64,"column":5}},"line":60},"9":{"name":"(anonymous_9)","decl":{"start":{"line":73,"column":22},"end":{"line":73,"column":23}},"loc":{"start":{"line":73,"column":77},"end":{"line":83,"column":1}},"line":73}},"branchMap":{"0":{"loc":{"start":{"line":4,"column":35},"end":{"line":4,"column":58}},"type":"default-arg","locations":[{"start":{"line":4,"column":56},"end":{"line":4,"column":58}}],"line":4},"1":{"loc":{"start":{"line":15,"column":8},"end":{"line":15,"column":33}},"type":"if","locations":[{"start":{"line":15,"column":8},"end":{"line":15,"column":33}},{"start":{},"end":{}}],"line":15},"2":{"loc":{"start":{"line":30,"column":4},"end":{"line":32,"column":5}},"type":"if","locations":[{"start":{"line":30,"column":4},"end":{"line":32,"column":5}},{"start":{},"end":{}}],"line":30},"3":{"loc":{"start":{"line":54,"column":4},"end":{"line":56,"column":5}},"type":"if","locations":[{"start":{"line":54,"column":4},"end":{"line":56,"column":5}},{"start":{},"end":{}}],"line":54},"4":{"loc":{"start":{"line":76,"column":4},"end":{"line":78,"column":5}},"type":"if","locations":[{"start":{"line":76,"column":4},"end":{"line":78,"column":5}},{"start":{},"end":{}}],"line":76}},"s":{"0":2,"1":1,"2":1,"3":1,"4":1,"5":1,"6":1,"7":1,"8":1,"9":2,"10":1,"11":2,"12":0,"13":0,"14":0,"15":0,"16":2,"17":0,"18":0,"19":0,"20":0,"21":0,"22":0,"23":0,"24":0,"25":2,"26":0,"27":0,"28":0,"29":0,"30":0,"31":0,"32":0,"33":0,"34":0,"35":0,"36":2,"37":0,"38":0,"39":0,"40":0,"41":0},"f":{"0":1,"1":1,"2":1,"3":1,"4":0,"5":0,"6":0,"7":0,"8":0,"9":0},"b":{"0":[1],"1":[1,0],"2":[0,0],"3":[0,0],"4":[0,0]},"_coverageSchema":"1a1c01bbd47fc00a2c39e90264f33305004495a9","hash":"8f9255f3d5d0d147b2c412b6e2c76dd533cf41a5"}
,"/Users/serfnc/Sites/typescript-api-tasks/src/controllers/list.controller.ts": {"path":"/Users/serfnc/Sites/typescript-api-tasks/src/controllers/list.controller.ts","statementMap":{"0":{"start":{"line":6,"column":30},"end":{"line":6,"column":46}},"1":{"start":{"line":10,"column":0},"end":{"line":18,"column":2}},"2":{"start":{"line":11,"column":4},"end":{"line":17,"column":5}},"3":{"start":{"line":12,"column":35},"end":{"line":12,"column":50}},"4":{"start":{"line":14,"column":8},"end":{"line":14,"column":37}},"5":{"start":{"line":16,"column":8},"end":{"line":16,"column":49}},"6":{"start":{"line":22,"column":0},"end":{"line":32,"column":2}},"7":{"start":{"line":23,"column":4},"end":{"line":31,"column":5}},"8":{"start":{"line":24,"column":27},"end":{"line":24,"column":50}},"9":{"start":{"line":26,"column":27},"end":{"line":26,"column":41}},"10":{"start":{"line":28,"column":8},"end":{"line":28,"column":36}},"11":{"start":{"line":30,"column":8},"end":{"line":30,"column":49}},"12":{"start":{"line":36,"column":0},"end":{"line":46,"column":2}},"13":{"start":{"line":37,"column":4},"end":{"line":45,"column":5}},"14":{"start":{"line":38,"column":34},"end":{"line":38,"column":42}},"15":{"start":{"line":40,"column":21},"end":{"line":40,"column":42}},"16":{"start":{"line":42,"column":8},"end":{"line":42,"column":36}},"17":{"start":{"line":44,"column":8},"end":{"line":44,"column":49}},"18":{"start":{"line":50,"column":0},"end":{"line":62,"column":2}},"19":{"start":{"line":51,"column":4},"end":{"line":61,"column":5}},"20":{"start":{"line":52,"column":27},"end":{"line":52,"column":50}},"21":{"start":{"line":54,"column":33},"end":{"line":54,"column":41}},"22":{"start":{"line":56,"column":21},"end":{"line":56,"column":49}},"23":{"start":{"line":58,"column":8},"end":{"line":58,"column":36}},"24":{"start":{"line":60,"column":8},"end":{"line":60,"column":49}},"25":{"start":{"line":66,"column":0},"end":{"line":76,"column":2}},"26":{"start":{"line":67,"column":4},"end":{"line":75,"column":5}},"27":{"start":{"line":68,"column":27},"end":{"line":68,"column":50}},"28":{"start":{"line":70,"column":8},"end":{"line":70,"column":24}},"29":{"start":{"line":72,"column":8},"end":{"line":72,"column":40}},"30":{"start":{"line":74,"column":8},"end":{"line":74,"column":49}}},"fnMap":{"0":{"name":"(anonymous_0)","decl":{"start":{"line":10,"column":24},"end":{"line":10,"column":25}},"loc":{"start":{"line":10,"column":63},"end":{"line":18,"column":1}},"line":10},"1":{"name":"(anonymous_1)","decl":{"start":{"line":22,"column":27},"end":{"line":22,"column":28}},"loc":{"start":{"line":22,"column":66},"end":{"line":32,"column":1}},"line":22},"2":{"name":"(anonymous_2)","decl":{"start":{"line":36,"column":25},"end":{"line":36,"column":26}},"loc":{"start":{"line":36,"column":64},"end":{"line":46,"column":1}},"line":36},"3":{"name":"(anonymous_3)","decl":{"start":{"line":50,"column":27},"end":{"line":50,"column":28}},"loc":{"start":{"line":50,"column":66},"end":{"line":62,"column":1}},"line":50},"4":{"name":"(anonymous_4)","decl":{"start":{"line":66,"column":30},"end":{"line":66,"column":31}},"loc":{"start":{"line":66,"column":69},"end":{"line":76,"column":1}},"line":66}},"branchMap":{},"s":{"0":2,"1":2,"2":1,"3":1,"4":0,"5":1,"6":2,"7":0,"8":0,"9":0,"10":0,"11":0,"12":2,"13":0,"14":0,"15":0,"16":0,"17":0,"18":2,"19":0,"20":0,"21":0,"22":0,"23":0,"24":0,"25":2,"26":0,"27":0,"28":0,"29":0,"30":0},"f":{"0":1,"1":0,"2":0,"3":0,"4":0},"b":{},"_coverageSchema":"1a1c01bbd47fc00a2c39e90264f33305004495a9","hash":"6ff36870fc8903b7e6014490f620e888980b0171"}
,"/Users/serfnc/Sites/typescript-api-tasks/src/controllers/task.controller.ts": {"path":"/Users/serfnc/Sites/typescript-api-tasks/src/controllers/task.controller.ts","statementMap":{"0":{"start":{"line":6,"column":30},"end":{"line":6,"column":46}},"1":{"start":{"line":10,"column":0},"end":{"line":18,"column":2}},"2":{"start":{"line":11,"column":4},"end":{"line":17,"column":5}},"3":{"start":{"line":12,"column":35},"end":{"line":12,"column":50}},"4":{"start":{"line":14,"column":8},"end":{"line":14,"column":37}},"5":{"start":{"line":16,"column":9},"end":{"line":16,"column":50}},"6":{"start":{"line":22,"column":0},"end":{"line":32,"column":2}},"7":{"start":{"line":23,"column":4},"end":{"line":31,"column":5}},"8":{"start":{"line":24,"column":27},"end":{"line":24,"column":50}},"9":{"start":{"line":26,"column":27},"end":{"line":26,"column":41}},"10":{"start":{"line":28,"column":8},"end":{"line":28,"column":36}},"11":{"start":{"line":30,"column":8},"end":{"line":30,"column":49}},"12":{"start":{"line":36,"column":0},"end":{"line":46,"column":2}},"13":{"start":{"line":37,"column":4},"end":{"line":45,"column":5}},"14":{"start":{"line":38,"column":34},"end":{"line":38,"column":42}},"15":{"start":{"line":40,"column":21},"end":{"line":40,"column":42}},"16":{"start":{"line":42,"column":8},"end":{"line":42,"column":36}},"17":{"start":{"line":44,"column":8},"end":{"line":44,"column":49}},"18":{"start":{"line":50,"column":0},"end":{"line":62,"column":2}},"19":{"start":{"line":51,"column":4},"end":{"line":61,"column":5}},"20":{"start":{"line":52,"column":27},"end":{"line":52,"column":50}},"21":{"start":{"line":54,"column":33},"end":{"line":54,"column":41}},"22":{"start":{"line":56,"column":21},"end":{"line":56,"column":49}},"23":{"start":{"line":58,"column":8},"end":{"line":58,"column":36}},"24":{"start":{"line":60,"column":8},"end":{"line":60,"column":49}},"25":{"start":{"line":66,"column":0},"end":{"line":76,"column":2}},"26":{"start":{"line":67,"column":4},"end":{"line":75,"column":5}},"27":{"start":{"line":68,"column":27},"end":{"line":68,"column":50}},"28":{"start":{"line":70,"column":8},"end":{"line":70,"column":24}},"29":{"start":{"line":72,"column":8},"end":{"line":72,"column":40}},"30":{"start":{"line":74,"column":8},"end":{"line":74,"column":49}}},"fnMap":{"0":{"name":"(anonymous_0)","decl":{"start":{"line":10,"column":24},"end":{"line":10,"column":25}},"loc":{"start":{"line":10,"column":63},"end":{"line":18,"column":1}},"line":10},"1":{"name":"(anonymous_1)","decl":{"start":{"line":22,"column":27},"end":{"line":22,"column":28}},"loc":{"start":{"line":22,"column":66},"end":{"line":32,"column":1}},"line":22},"2":{"name":"(anonymous_2)","decl":{"start":{"line":36,"column":25},"end":{"line":36,"column":26}},"loc":{"start":{"line":36,"column":64},"end":{"line":46,"column":1}},"line":36},"3":{"name":"(anonymous_3)","decl":{"start":{"line":50,"column":27},"end":{"line":50,"column":28}},"loc":{"start":{"line":50,"column":66},"end":{"line":62,"column":1}},"line":50},"4":{"name":"(anonymous_4)","decl":{"start":{"line":66,"column":30},"end":{"line":66,"column":31}},"loc":{"start":{"line":66,"column":69},"end":{"line":76,"column":1}},"line":66}},"branchMap":{},"s":{"0":2,"1":2,"2":0,"3":0,"4":0,"5":0,"6":2,"7":0,"8":0,"9":0,"10":0,"11":0,"12":2,"13":0,"14":0,"15":0,"16":0,"17":0,"18":2,"19":0,"20":0,"21":0,"22":0,"23":0,"24":0,"25":2,"26":0,"27":0,"28":0,"29":0,"30":0},"f":{"0":0,"1":0,"2":0,"3":0,"4":0},"b":{},"_coverageSchema":"1a1c01bbd47fc00a2c39e90264f33305004495a9","hash":"17ba519b5fd644c8364edd1419a6e4fdf9433889"}
,"/Users/serfnc/Sites/typescript-api-tasks/src/controllers/taskList.controller.ts": {"path":"/Users/serfnc/Sites/typescript-api-tasks/src/controllers/taskList.controller.ts","statementMap":{"0":{"start":{"line":6,"column":34},"end":{"line":6,"column":50}},"1":{"start":{"line":9,"column":0},"end":{"line":19,"column":2}},"2":{"start":{"line":10,"column":4},"end":{"line":18,"column":5}},"3":{"start":{"line":11,"column":33},"end":{"line":11,"column":41}},"4":{"start":{"line":13,"column":25},"end":{"line":13,"column":53}},"5":{"start":{"line":15,"column":8},"end":{"line":15,"column":40}},"6":{"start":{"line":17,"column":8},"end":{"line":17,"column":49}},"7":{"start":{"line":23,"column":0},"end":{"line":34,"column":2}},"8":{"start":{"line":24,"column":4},"end":{"line":33,"column":5}},"9":{"start":{"line":25,"column":31},"end":{"line":25,"column":58}},"10":{"start":{"line":26,"column":31},"end":{"line":26,"column":58}},"11":{"start":{"line":28,"column":8},"end":{"line":28,"column":36}},"12":{"start":{"line":30,"column":8},"end":{"line":30,"column":40}},"13":{"start":{"line":32,"column":8},"end":{"line":32,"column":49}}},"fnMap":{"0":{"name":"(anonymous_0)","decl":{"start":{"line":9,"column":29},"end":{"line":9,"column":30}},"loc":{"start":{"line":9,"column":68},"end":{"line":19,"column":1}},"line":9},"1":{"name":"(anonymous_1)","decl":{"start":{"line":23,"column":46},"end":{"line":23,"column":47}},"loc":{"start":{"line":23,"column":85},"end":{"line":34,"column":1}},"line":23}},"branchMap":{},"s":{"0":2,"1":2,"2":0,"3":0,"4":0,"5":0,"6":0,"7":2,"8":0,"9":0,"10":0,"11":0,"12":0,"13":0},"f":{"0":0,"1":0},"b":{},"_coverageSchema":"1a1c01bbd47fc00a2c39e90264f33305004495a9","hash":"32ca73924cedc056dfe1aeeb50cb3ea2bb8394bd"}
,"/Users/serfnc/Sites/typescript-api-tasks/src/middleware/error.middleware.ts": {"path":"/Users/serfnc/Sites/typescript-api-tasks/src/middleware/error.middleware.ts","statementMap":{"0":{"start":{"line":6,"column":28},"end":{"line":15,"column":1}},"1":{"start":{"line":12,"column":16},"end":{"line":12,"column":55}},"2":{"start":{"line":14,"column":1},"end":{"line":14,"column":37}}},"fnMap":{"0":{"name":"(anonymous_0)","decl":{"start":{"line":6,"column":28},"end":{"line":6,"column":29}},"loc":{"start":{"line":11,"column":5},"end":{"line":15,"column":1}},"line":11}},"branchMap":{"0":{"loc":{"start":{"line":12,"column":16},"end":{"line":12,"column":55}},"type":"binary-expr","locations":[{"start":{"line":12,"column":16},"end":{"line":12,"column":32}},{"start":{"line":12,"column":36},"end":{"line":12,"column":48}},{"start":{"line":12,"column":52},"end":{"line":12,"column":55}}],"line":12}},"s":{"0":2,"1":0,"2":0},"f":{"0":0},"b":{"0":[0,0,0]},"_coverageSchema":"1a1c01bbd47fc00a2c39e90264f33305004495a9","hash":"7cc5c3a728cf1457fec5b146ae9f07b9b95b552c"}
,"/Users/serfnc/Sites/typescript-api-tasks/src/middleware/notFound.middleware.ts": {"path":"/Users/serfnc/Sites/typescript-api-tasks/src/middleware/notFound.middleware.ts","statementMap":{"0":{"start":{"line":5,"column":31},"end":{"line":13,"column":1}},"1":{"start":{"line":10,"column":17},"end":{"line":10,"column":37}},"2":{"start":{"line":12,"column":1},"end":{"line":12,"column":45}}},"fnMap":{"0":{"name":"(anonymous_0)","decl":{"start":{"line":5,"column":31},"end":{"line":5,"column":32}},"loc":{"start":{"line":9,"column":5},"end":{"line":13,"column":1}},"line":9}},"branchMap":{},"s":{"0":2,"1":1,"2":1},"f":{"0":1},"b":{},"_coverageSchema":"1a1c01bbd47fc00a2c39e90264f33305004495a9","hash":"2cac737a6b10af86bc891bcb563491f82d40dbb2"}
,"/Users/serfnc/Sites/typescript-api-tasks/src/services/list.service.ts": {"path":"/Users/serfnc/Sites/typescript-api-tasks/src/services/list.service.ts","statementMap":{"0":{"start":{"line":4,"column":19},"end":{"line":4,"column":26}},"1":{"start":{"line":6,"column":23},"end":{"line":8,"column":1}},"2":{"start":{"line":7,"column":4},"end":{"line":7,"column":33}},"3":{"start":{"line":10,"column":20},"end":{"line":12,"column":1}},"4":{"start":{"line":11,"column":4},"end":{"line":11,"column":34}},"5":{"start":{"line":14,"column":22},"end":{"line":16,"column":1}},"6":{"start":{"line":15,"column":4},"end":{"line":15,"column":41}},"7":{"start":{"line":18,"column":22},"end":{"line":20,"column":1}},"8":{"start":{"line":19,"column":4},"end":{"line":19,"column":42}},"9":{"start":{"line":22,"column":22},"end":{"line":24,"column":1}},"10":{"start":{"line":23,"column":4},"end":{"line":23,"column":36}}},"fnMap":{"0":{"name":"(anonymous_0)","decl":{"start":{"line":6,"column":23},"end":{"line":6,"column":24}},"loc":{"start":{"line":6,"column":52},"end":{"line":8,"column":1}},"line":6},"1":{"name":"(anonymous_1)","decl":{"start":{"line":10,"column":20},"end":{"line":10,"column":21}},"loc":{"start":{"line":10,"column":57},"end":{"line":12,"column":1}},"line":10},"2":{"name":"(anonymous_2)","decl":{"start":{"line":14,"column":22},"end":{"line":14,"column":23}},"loc":{"start":{"line":14,"column":66},"end":{"line":16,"column":1}},"line":14},"3":{"name":"(anonymous_3)","decl":{"start":{"line":18,"column":22},"end":{"line":18,"column":23}},"loc":{"start":{"line":18,"column":82},"end":{"line":20,"column":1}},"line":18},"4":{"name":"(anonymous_4)","decl":{"start":{"line":22,"column":22},"end":{"line":22,"column":23}},"loc":{"start":{"line":22,"column":66},"end":{"line":24,"column":1}},"line":22}},"branchMap":{},"s":{"0":2,"1":2,"2":1,"3":2,"4":0,"5":2,"6":0,"7":2,"8":0,"9":2,"10":0},"f":{"0":1,"1":0,"2":0,"3":0,"4":0},"b":{},"_coverageSchema":"1a1c01bbd47fc00a2c39e90264f33305004495a9","hash":"fe3afe35a1ff014a9226c13658e2d2fba805ad50"}
,"/Users/serfnc/Sites/typescript-api-tasks/src/services/task.service.ts": {"path":"/Users/serfnc/Sites/typescript-api-tasks/src/services/task.service.ts","statementMap":{"0":{"start":{"line":4,"column":19},"end":{"line":4,"column":26}},"1":{"start":{"line":6,"column":23},"end":{"line":8,"column":1}},"2":{"start":{"line":7,"column":4},"end":{"line":7,"column":33}},"3":{"start":{"line":10,"column":20},"end":{"line":12,"column":1}},"4":{"start":{"line":11,"column":4},"end":{"line":11,"column":34}},"5":{"start":{"line":14,"column":22},"end":{"line":16,"column":1}},"6":{"start":{"line":15,"column":4},"end":{"line":15,"column":41}},"7":{"start":{"line":18,"column":22},"end":{"line":20,"column":1}},"8":{"start":{"line":19,"column":4},"end":{"line":19,"column":42}},"9":{"start":{"line":22,"column":22},"end":{"line":24,"column":1}},"10":{"start":{"line":23,"column":4},"end":{"line":23,"column":36}}},"fnMap":{"0":{"name":"(anonymous_0)","decl":{"start":{"line":6,"column":23},"end":{"line":6,"column":24}},"loc":{"start":{"line":6,"column":52},"end":{"line":8,"column":1}},"line":6},"1":{"name":"(anonymous_1)","decl":{"start":{"line":10,"column":20},"end":{"line":10,"column":21}},"loc":{"start":{"line":10,"column":57},"end":{"line":12,"column":1}},"line":10},"2":{"name":"(anonymous_2)","decl":{"start":{"line":14,"column":22},"end":{"line":14,"column":23}},"loc":{"start":{"line":14,"column":66},"end":{"line":16,"column":1}},"line":14},"3":{"name":"(anonymous_3)","decl":{"start":{"line":18,"column":22},"end":{"line":18,"column":23}},"loc":{"start":{"line":18,"column":82},"end":{"line":20,"column":1}},"line":18},"4":{"name":"(anonymous_4)","decl":{"start":{"line":22,"column":22},"end":{"line":22,"column":23}},"loc":{"start":{"line":22,"column":66},"end":{"line":24,"column":1}},"line":22}},"branchMap":{},"s":{"0":2,"1":2,"2":0,"3":2,"4":0,"5":2,"6":0,"7":2,"8":0,"9":2,"10":0},"f":{"0":0,"1":0,"2":0,"3":0,"4":0},"b":{},"_coverageSchema":"1a1c01bbd47fc00a2c39e90264f33305004495a9","hash":"aa33a7927f393ca04dc02d62b52db1c199d30c33"}
,"/Users/serfnc/Sites/typescript-api-tasks/src/services/taskList.service.ts": {"path":"/Users/serfnc/Sites/typescript-api-tasks/src/services/taskList.service.ts","statementMap":{"0":{"start":{"line":4,"column":19},"end":{"line":4,"column":30}},"1":{"start":{"line":6,"column":24},"end":{"line":8,"column":1}},"2":{"start":{"line":7,"column":4},"end":{"line":7,"column":34}},"3":{"start":{"line":10,"column":37},"end":{"line":18,"column":1}},"4":{"start":{"line":11,"column":18},"end":{"line":11,"column":113}},"5":{"start":{"line":13,"column":4},"end":{"line":15,"column":5}},"6":{"start":{"line":14,"column":8},"end":{"line":14,"column":19}},"7":{"start":{"line":17,"column":4},"end":{"line":17,"column":19}},"8":{"start":{"line":20,"column":22},"end":{"line":32,"column":1}},"9":{"start":{"line":21,"column":27},"end":{"line":21,"column":70}},"10":{"start":{"line":23,"column":4},"end":{"line":25,"column":5}},"11":{"start":{"line":24,"column":8},"end":{"line":24,"column":19}},"12":{"start":{"line":27,"column":20},"end":{"line":27,"column":112}},"13":{"start":{"line":29,"column":23},"end":{"line":29,"column":49}},"14":{"start":{"line":31,"column":4},"end":{"line":31,"column":23}},"15":{"start":{"line":34,"column":22},"end":{"line":36,"column":1}},"16":{"start":{"line":35,"column":4},"end":{"line":35,"column":98}}},"fnMap":{"0":{"name":"(anonymous_0)","decl":{"start":{"line":6,"column":24},"end":{"line":6,"column":25}},"loc":{"start":{"line":6,"column":65},"end":{"line":8,"column":1}},"line":6},"1":{"name":"(anonymous_1)","decl":{"start":{"line":10,"column":37},"end":{"line":10,"column":38}},"loc":{"start":{"line":10,"column":105},"end":{"line":18,"column":1}},"line":10},"2":{"name":"(anonymous_2)","decl":{"start":{"line":20,"column":22},"end":{"line":20,"column":23}},"loc":{"start":{"line":20,"column":90},"end":{"line":32,"column":1}},"line":20},"3":{"name":"(anonymous_3)","decl":{"start":{"line":34,"column":22},"end":{"line":34,"column":23}},"loc":{"start":{"line":34,"column":86},"end":{"line":36,"column":1}},"line":34}},"branchMap":{"0":{"loc":{"start":{"line":13,"column":4},"end":{"line":15,"column":5}},"type":"if","locations":[{"start":{"line":13,"column":4},"end":{"line":15,"column":5}},{"start":{},"end":{}}],"line":13},"1":{"loc":{"start":{"line":23,"column":4},"end":{"line":25,"column":5}},"type":"if","locations":[{"start":{"line":23,"column":4},"end":{"line":25,"column":5}},{"start":{},"end":{}}],"line":23}},"s":{"0":2,"1":2,"2":0,"3":2,"4":0,"5":0,"6":0,"7":0,"8":2,"9":0,"10":0,"11":0,"12":0,"13":0,"14":0,"15":2,"16":0},"f":{"0":0,"1":0,"2":0,"3":0},"b":{"0":[0,0],"1":[0,0]},"_coverageSchema":"1a1c01bbd47fc00a2c39e90264f33305004495a9","hash":"f68aa56245412070bb3be3299f640f6316adfe65"}
}
