TN:
SF:src/app.ts
FNF:0
FNH:0
DA:12,2
DA:14,2
DA:16,2
DA:17,2
DA:19,2
DA:20,2
DA:21,2
DA:23,2
DA:24,2
LF:9
LH:9
BRF:0
BRH:0
end_of_record
TN:
SF:src/common/db.ts
FN:4,(anonymous_0)
FN:4,(anonymous_1)
FN:14,(anonymous_2)
FN:23,(anonymous_3)
FN:27,(anonymous_4)
FN:37,(anonymous_5)
FN:42,(anonymous_6)
FN:51,(anonymous_7)
FN:60,(anonymous_8)
FN:73,(anonymous_9)
FNF:10
FNH:4
FNDA:1,(anonymous_0)
FNDA:1,(anonymous_1)
FNDA:1,(anonymous_2)
FNDA:1,(anonymous_3)
FNDA:0,(anonymous_4)
FNDA:0,(anonymous_5)
FNDA:0,(anonymous_6)
FNDA:0,(anonymous_7)
FNDA:0,(anonymous_8)
FNDA:0,(anonymous_9)
DA:4,2
DA:5,1
DA:12,1
DA:14,1
DA:15,1
DA:17,1
DA:20,1
DA:23,2
DA:24,1
DA:27,2
DA:28,0
DA:30,0
DA:31,0
DA:34,0
DA:37,2
DA:38,0
DA:39,0
DA:41,0
DA:42,0
DA:44,0
DA:46,0
DA:48,0
DA:51,2
DA:52,0
DA:54,0
DA:55,0
DA:58,0
DA:60,0
DA:61,0
DA:63,0
DA:66,0
DA:68,0
DA:70,0
DA:73,2
DA:74,0
DA:76,0
DA:77,0
DA:80,0
DA:82,0
LF:39
LH:13
BRDA:4,0,0,1
BRDA:15,1,0,1
BRDA:15,1,1,0
BRDA:30,2,0,0
BRDA:30,2,1,0
BRDA:54,3,0,0
BRDA:54,3,1,0
BRDA:76,4,0,0
BRDA:76,4,1,0
BRF:9
BRH:2
end_of_record
TN:
SF:src/controllers/list.controller.ts
FN:10,(anonymous_0)
FN:22,(anonymous_1)
FN:36,(anonymous_2)
FN:50,(anonymous_3)
FN:66,(anonymous_4)
FNF:5
FNH:1
FNDA:1,(anonymous_0)
FNDA:0,(anonymous_1)
FNDA:0,(anonymous_2)
FNDA:0,(anonymous_3)
FNDA:0,(anonymous_4)
DA:6,2
DA:10,2
DA:11,1
DA:12,1
DA:14,0
DA:16,1
DA:22,2
DA:23,0
DA:24,0
DA:26,0
DA:28,0
DA:30,0
DA:36,2
DA:37,0
DA:38,0
DA:40,0
DA:42,0
DA:44,0
DA:50,2
DA:51,0
DA:52,0
DA:54,0
DA:56,0
DA:58,0
DA:60,0
DA:66,2
DA:67,0
DA:68,0
DA:70,0
DA:72,0
DA:74,0
LF:31
LH:9
BRF:0
BRH:0
end_of_record
TN:
SF:src/controllers/task.controller.ts
FN:10,(anonymous_0)
FN:22,(anonymous_1)
FN:36,(anonymous_2)
FN:50,(anonymous_3)
FN:66,(anonymous_4)
FNF:5
FNH:0
FNDA:0,(anonymous_0)
FNDA:0,(anonymous_1)
FNDA:0,(anonymous_2)
FNDA:0,(anonymous_3)
FNDA:0,(anonymous_4)
DA:6,2
DA:10,2
DA:11,0
DA:12,0
DA:14,0
DA:16,0
DA:22,2
DA:23,0
DA:24,0
DA:26,0
DA:28,0
DA:30,0
DA:36,2
DA:37,0
DA:38,0
DA:40,0
DA:42,0
DA:44,0
DA:50,2
DA:51,0
DA:52,0
DA:54,0
DA:56,0
DA:58,0
DA:60,0
DA:66,2
DA:67,0
DA:68,0
DA:70,0
DA:72,0
DA:74,0
LF:31
LH:6
BRF:0
BRH:0
end_of_record
TN:
SF:src/controllers/taskList.controller.ts
FN:9,(anonymous_0)
FN:23,(anonymous_1)
FNF:2
FNH:0
FNDA:0,(anonymous_0)
FNDA:0,(anonymous_1)
DA:6,2
DA:9,2
DA:10,0
DA:11,0
DA:13,0
DA:15,0
DA:17,0
DA:23,2
DA:24,0
DA:25,0
DA:26,0
DA:28,0
DA:30,0
DA:32,0
LF:14
LH:3
BRF:0
BRH:0
end_of_record
TN:
SF:src/middleware/error.middleware.ts
FN:6,(anonymous_0)
FNF:1
FNH:0
FNDA:0,(anonymous_0)
DA:6,2
DA:12,0
DA:14,0
LF:3
LH:1
BRDA:12,0,0,0
BRDA:12,0,1,0
BRDA:12,0,2,0
BRF:3
BRH:0
end_of_record
TN:
SF:src/middleware/notFound.middleware.ts
FN:5,(anonymous_0)
FNF:1
FNH:1
FNDA:1,(anonymous_0)
DA:5,2
DA:10,1
DA:12,1
LF:3
LH:3
BRF:0
BRH:0
end_of_record
TN:
SF:src/services/list.service.ts
FN:6,(anonymous_0)
FN:10,(anonymous_1)
FN:14,(anonymous_2)
FN:18,(anonymous_3)
FN:22,(anonymous_4)
FNF:5
FNH:1
FNDA:1,(anonymous_0)
FNDA:0,(anonymous_1)
FNDA:0,(anonymous_2)
FNDA:0,(anonymous_3)
FNDA:0,(anonymous_4)
DA:4,2
DA:6,2
DA:7,1
DA:10,2
DA:11,0
DA:14,2
DA:15,0
DA:18,2
DA:19,0
DA:22,2
DA:23,0
LF:11
LH:7
BRF:0
BRH:0
end_of_record
TN:
SF:src/services/task.service.ts
FN:6,(anonymous_0)
FN:10,(anonymous_1)
FN:14,(anonymous_2)
FN:18,(anonymous_3)
FN:22,(anonymous_4)
FNF:5
FNH:0
FNDA:0,(anonymous_0)
FNDA:0,(anonymous_1)
FNDA:0,(anonymous_2)
FNDA:0,(anonymous_3)
FNDA:0,(anonymous_4)
DA:4,2
DA:6,2
DA:7,0
DA:10,2
DA:11,0
DA:14,2
DA:15,0
DA:18,2
DA:19,0
DA:22,2
DA:23,0
LF:11
LH:6
BRF:0
BRH:0
end_of_record
TN:
SF:src/services/taskList.service.ts
FN:6,(anonymous_0)
FN:10,(anonymous_1)
FN:20,(anonymous_2)
FN:34,(anonymous_3)
FNF:4
FNH:0
FNDA:0,(anonymous_0)
FNDA:0,(anonymous_1)
FNDA:0,(anonymous_2)
FNDA:0,(anonymous_3)
DA:4,2
DA:6,2
DA:7,0
DA:10,2
DA:11,0
DA:13,0
DA:14,0
DA:17,0
DA:20,2
DA:21,0
DA:23,0
DA:24,0
DA:27,0
DA:29,0
DA:31,0
DA:34,2
DA:35,0
LF:17
LH:5
BRDA:13,0,0,0
BRDA:13,0,1,0
BRDA:23,1,0,0
BRDA:23,1,1,0
BRF:4
BRH:0
end_of_record
